<?xml version="1.0" encoding="UTF-8"?>
<!-- Generated by org.testng.reporters.JUnitXMLReporter -->
<testsuite ignored="0" hostname="DESKTOP-T5AERT6" failures="0" tests="5" name="Test" time="102.433" errors="0" timestamp="2020-04-24T13:46:23 IST">
  <testcase classname="com.sathya.test.TestLogIn" name="logIn" time="2.284"/>
  <testcase classname="com.sathya.test.TestHomePage" name="clickOnProduct" time="14.476"/>
  <testcase classname="com.sathya.test.TestProducts" name="clickOnCoffeeMaker" time="16.775"/>
  <testcase classname="com.sathya.test.TestAddToCartPage" name="ProductCheckOut" time="2.715"/>
  <testcase classname="com.sathya.test.TestBillingAddress" name="FeedingBillingAddress" time="2.423"/>
</testsuite> <!-- Test -->
