<?xml version="1.0" encoding="UTF-8"?>
<testng-results ignored="0" total="5" passed="5" failed="0" skipped="0">
  <reporter-output>
  </reporter-output>
  <suite started-at="2020-04-24T13:44:41 IST" name="Suite" finished-at="2020-04-24T13:46:23 IST" duration-ms="102433">
    <groups>
    </groups>
    <test started-at="2020-04-24T13:44:41 IST" name="Test" finished-at="2020-04-24T13:46:23 IST" duration-ms="102433">
      <class name="com.sathya.test.TestBillingAddress">
        <test-method is-config="true" signature="setUp()[pri:0, instance:com.sathya.test.TestBillingAddress@78aab498]" started-at="2020-04-24T13:46:02 IST" name="setUp" finished-at="2020-04-24T13:46:20 IST" duration-ms="18293" status="PASS">
          <reporter-output>
          </reporter-output>
        </test-method> <!-- setUp -->
        <test-method signature="FeedingBillingAddress()[pri:0, instance:com.sathya.test.TestBillingAddress@78aab498]" started-at="2020-04-24T13:46:20 IST" name="FeedingBillingAddress" finished-at="2020-04-24T13:46:22 IST" duration-ms="2423" status="PASS">
          <reporter-output>
          </reporter-output>
        </test-method> <!-- FeedingBillingAddress -->
        <test-method is-config="true" signature="TearDown()[pri:0, instance:com.sathya.test.TestBillingAddress@78aab498]" started-at="2020-04-24T13:46:22 IST" name="TearDown" finished-at="2020-04-24T13:46:23 IST" duration-ms="664" status="PASS">
          <reporter-output>
          </reporter-output>
        </test-method> <!-- TearDown -->
      </class> <!-- com.sathya.test.TestBillingAddress -->
      <class name="com.sathya.test.TestHomePage">
        <test-method signature="clickOnProduct()[pri:0, instance:com.sathya.test.TestHomePage@6193932a]" started-at="2020-04-24T13:44:55 IST" name="clickOnProduct" finished-at="2020-04-24T13:45:10 IST" duration-ms="14476" status="PASS">
          <reporter-output>
          </reporter-output>
        </test-method> <!-- clickOnProduct -->
        <test-method is-config="true" signature="tearDown()[pri:0, instance:com.sathya.test.TestHomePage@6193932a]" started-at="2020-04-24T13:45:10 IST" name="tearDown" finished-at="2020-04-24T13:45:10 IST" duration-ms="666" status="PASS">
          <reporter-output>
          </reporter-output>
        </test-method> <!-- tearDown -->
      </class> <!-- com.sathya.test.TestHomePage -->
      <class name="com.sathya.test.TestProducts">
        <test-method is-config="true" signature="login()[pri:0, instance:com.sathya.test.TestProducts@647fd8ce]" started-at="2020-04-24T13:45:10 IST" name="login" finished-at="2020-04-24T13:45:26 IST" duration-ms="15148" status="PASS">
          <reporter-output>
          </reporter-output>
        </test-method> <!-- login -->
        <test-method signature="clickOnCoffeeMaker()[pri:0, instance:com.sathya.test.TestProducts@647fd8ce]" started-at="2020-04-24T13:45:26 IST" name="clickOnCoffeeMaker" finished-at="2020-04-24T13:45:42 IST" duration-ms="16775" status="PASS">
          <reporter-output>
          </reporter-output>
        </test-method> <!-- clickOnCoffeeMaker -->
        <test-method is-config="true" signature="tearDown()[pri:0, instance:com.sathya.test.TestProducts@647fd8ce]" started-at="2020-04-24T13:45:42 IST" name="tearDown" finished-at="2020-04-24T13:45:43 IST" duration-ms="651" status="PASS">
          <reporter-output>
          </reporter-output>
        </test-method> <!-- tearDown -->
      </class> <!-- com.sathya.test.TestProducts -->
      <class name="com.sathya.test.TestLogIn">
        <test-method is-config="true" signature="launchBrowser()[pri:0, instance:com.sathya.test.TestLogIn@71b1176b]" started-at="2020-04-24T13:44:41 IST" name="launchBrowser" finished-at="2020-04-24T13:44:52 IST" duration-ms="11730" status="PASS">
          <reporter-output>
          </reporter-output>
        </test-method> <!-- launchBrowser -->
        <test-method signature="logIn()[pri:0, instance:com.sathya.test.TestLogIn@71b1176b]" started-at="2020-04-24T13:44:52 IST" name="logIn" finished-at="2020-04-24T13:44:55 IST" duration-ms="2284" status="PASS">
          <reporter-output>
          </reporter-output>
        </test-method> <!-- logIn -->
        <test-method is-config="true" signature="tearDown()[pri:0, instance:com.sathya.test.TestLogIn@71b1176b]" started-at="2020-04-24T13:44:55 IST" name="tearDown" finished-at="2020-04-24T13:44:55 IST" duration-ms="666" status="PASS">
          <reporter-output>
          </reporter-output>
        </test-method> <!-- tearDown -->
      </class> <!-- com.sathya.test.TestLogIn -->
      <class name="com.sathya.test.TestAddToCartPage">
        <test-method is-config="true" signature="launchBrowser()[pri:0, instance:com.sathya.test.TestAddToCartPage@159f197]" started-at="2020-04-24T13:45:43 IST" name="launchBrowser" finished-at="2020-04-24T13:45:58 IST" duration-ms="15202" status="PASS">
          <reporter-output>
          </reporter-output>
        </test-method> <!-- launchBrowser -->
        <test-method signature="ProductCheckOut()[pri:0, instance:com.sathya.test.TestAddToCartPage@159f197]" started-at="2020-04-24T13:45:58 IST" name="ProductCheckOut" finished-at="2020-04-24T13:46:01 IST" duration-ms="2715" status="PASS">
          <reporter-output>
          </reporter-output>
        </test-method> <!-- ProductCheckOut -->
        <test-method is-config="true" signature="tearDown()[pri:0, instance:com.sathya.test.TestAddToCartPage@159f197]" started-at="2020-04-24T13:46:01 IST" name="tearDown" finished-at="2020-04-24T13:46:02 IST" duration-ms="682" status="PASS">
          <reporter-output>
          </reporter-output>
        </test-method> <!-- tearDown -->
      </class> <!-- com.sathya.test.TestAddToCartPage -->
    </test> <!-- Test -->
  </suite> <!-- Suite -->
</testng-results>
